{
  "stats": {
    "suites": 1,
    "tests": 1,
    "passes": 1,
    "pending": 0,
    "failures": 0,
    "start": "2021-10-30T03:38:11.350Z",
    "end": "2021-10-30T03:38:16.587Z",
    "duration": 5237,
    "testsRegistered": 1,
    "passPercent": 100,
    "pendingPercent": 0,
    "other": 0,
    "hasOther": false,
    "skipped": 0,
    "hasSkipped": false
  },
  "results": [
    {
      "uuid": "046d99d5-9e6a-483e-9330-d780de124a8a",
      "title": "",
      "fullFile": "cypress/integration/cadastro.spec.js",
      "file": "cypress/integration/cadastro.spec.js",
      "beforeHooks": [],
      "afterHooks": [],
      "tests": [],
      "suites": [
        {
          "uuid": "b32129af-42c4-4c91-b0c0-1bf111d40170",
          "title": "Cadastro",
          "fullFile": "",
          "file": "",
          "beforeHooks": [],
          "afterHooks": [],
          "tests": [
            {
              "title": "Quando preencho o formulario, então o cadastro deve ser efetuado ",
              "fullTitle": "Cadastro Quando preencho o formulario, então o cadastro deve ser efetuado ",
              "timedOut": null,
              "duration": 3638,
              "state": "passed",
              "speed": "slow",
              "pass": true,
              "fail": false,
              "pending": false,
              "context": null,
              "code": "cy.visit('https://form-agilizei.netlify.app/');\ncy.get('input[name=firstName]').type(chance.first());\ncy.get('input[name=lastName]').type(chance.last());\ncy.get('textArea[name=adress]').type(chance.address());\ncy.get('input[name=emailAdress]').type(chance.email());\ncy.get('input[value=m]').check();\ncy.get('input[type=checkbox]').check('Netflix');\ncy.get('input[type=checkbox]').check('Livros');\ncy.get('select#countries').select('Hong Kong', {\n  force: true\n});\ncy.get('select#years').select('2020', {\n  force: true\n});\ncy.get('select#months').select(chance.date().getMonth(), {\n  force: true\n});\ncy.get('select#days').select(chance.date().getDay(), {\n  force: true\n});\ncy.get('input#firstpassword').type('Teste123');\ncy.get('input#secondpassword').type('Teste123');\ncy.get('button#submitbtn').click();\ncy.url().should('contain', 'listagem');\ncy.get('table tbody tr').should('have.length', 1);",
              "err": {},
              "uuid": "dc0e19a9-eb65-4825-81f1-375858705f4c",
              "parentUUID": "b32129af-42c4-4c91-b0c0-1bf111d40170",
              "isHook": false,
              "skipped": false
            }
          ],
          "suites": [],
          "passes": [
            "dc0e19a9-eb65-4825-81f1-375858705f4c"
          ],
          "failures": [],
          "pending": [],
          "skipped": [],
          "duration": 3638,
          "root": false,
          "rootEmpty": false,
          "_timeout": 2000
        }
      ],
      "passes": [],
      "failures": [],
      "pending": [],
      "skipped": [],
      "duration": 0,
      "root": true,
      "rootEmpty": true,
      "_timeout": 2000
    }
  ],
  "meta": {
    "mocha": {
      "version": "7.0.1"
    },
    "mochawesome": {
      "options": {
        "quiet": true,
        "reportFilename": "mochawesome",
        "saveHtml": false,
        "saveJson": true,
        "consoleReporter": "spec",
        "useInlineDiffs": false,
        "code": true
      },
      "version": "6.3.1"
    },
    "marge": {
      "options": {
        "id": "default",
        "reportDir": "mochawesome-report",
        "quiet": true,
        "overwrite": false,
        "html": false,
        "json": true
      },
      "version": "5.2.0"
    }
  }
}